02:34:57 **** Build of configuration debug for project ksdk_platform_lib_KL25Z4 ****
make -k all 
make: *** No rule to make target 'C:/platform/hal/src/uart/fsl_uart_hal.c', needed by 'platform/uart/hal/fsl_uart_hal.o'.
make: *** No rule to make target 'C:/platform/drivers/src/uart/fsl_uart_common.c', needed by 'platform/uart/drivers/fsl_uart_common.o'.
make: *** No rule to make target 'C:/platform/drivers/src/uart/fsl_uart_dma_driver.c', needed by 'platform/uart/drivers/fsl_uart_dma_driver.o'.
make: *** No rule to make target 'C:/platform/drivers/src/uart/fsl_uart_driver.c', needed by 'platform/uart/drivers/fsl_uart_driver.o'.
make: *** No rule to make target 'C:/platform/hal/src/tsi/fsl_tsi_hal.c', needed by 'platform/tsi/hal/fsl_tsi_hal.o'.
make: *** No rule to make target 'C:/platform/hal/src/tsi/fsl_tsi_v4_hal_specific.c', needed by 'platform/tsi/hal/fsl_tsi_v4_hal_specific.o'.
make: *** No rule to make target 'C:/platform/drivers/src/tsi/fsl_tsi_common.c', needed by 'platform/tsi/drivers/fsl_tsi_common.o'.
make: *** No rule to make target 'C:/platform/drivers/src/tsi/fsl_tsi_driver.c', needed by 'platform/tsi/drivers/fsl_tsi_driver.o'.
make: *** No rule to make target 'C:/platform/drivers/src/tsi/fsl_tsi_v4_driver_specific.c', needed by 'platform/tsi/drivers/fsl_tsi_v4_driver_specific.o'.
make: *** No rule to make target 'C:/platform/hal/src/tpm/fsl_tpm_hal.c', needed by 'platform/tpm/hal/fsl_tpm_hal.o'.
make: *** No rule to make target 'C:/platform/drivers/src/tpm/fsl_tpm_common.c', needed by 'platform/tpm/drivers/fsl_tpm_common.o'.
make: *** No rule to make target 'C:/platform/drivers/src/tpm/fsl_tpm_driver.c', needed by 'platform/tpm/drivers/fsl_tpm_driver.o'.
make: *** No rule to make target 'C:/platform/hal/src/spi/fsl_spi_hal.c', needed by 'platform/spi/hal/fsl_spi_hal.o'.
make: *** No rule to make target 'C:/platform/drivers/src/spi/fsl_spi_dma_slave_driver.c', needed by 'platform/spi/drivers/slave/fsl_spi_dma_slave_driver.o'.
make: *** No rule to make target 'C:/platform/drivers/src/spi/fsl_spi_slave_driver.c', needed by 'platform/spi/drivers/slave/fsl_spi_slave_driver.o'.
make: *** No rule to make target 'C:/platform/drivers/src/spi/fsl_spi_dma_master_driver.c', needed by 'platform/spi/drivers/master/fsl_spi_dma_master_driver.o'.
make: *** No rule to make target 'C:/platform/drivers/src/spi/fsl_spi_master_driver.c', needed by 'platform/spi/drivers/master/fsl_spi_master_driver.o'.
make: *** No rule to make target 'C:/platform/drivers/src/spi/fsl_spi_common.c', needed by 'platform/spi/drivers/fsl_spi_common.o'.
make: *** No rule to make target 'C:/platform/drivers/src/spi/fsl_spi_dma_shared_function.c', needed by 'platform/spi/drivers/fsl_spi_dma_shared_function.o'.
make: *** No rule to make target 'C:/platform/drivers/src/spi/fsl_spi_shared_function.c', needed by 'platform/spi/drivers/fsl_spi_shared_function.o'.
make: *** No rule to make target 'C:/platform/hal/src/smc/fsl_smc_hal.c', needed by 'platform/smc/hal/fsl_smc_hal.o'.
make: *** No rule to make target 'C:/platform/hal/src/sim/MKL25Z4/fsl_sim_hal_MKL25Z4.c', needed by 'platform/sim/hal/fsl_sim_hal_MKL25Z4.o'.
make: *** No rule to make target 'C:/platform/hal/src/rtc/fsl_rtc_hal.c', needed by 'platform/rtc/hal/fsl_rtc_hal.o'.
make: *** No rule to make target 'C:/platform/drivers/src/rtc/fsl_rtc_common.c', needed by 'platform/rtc/drivers/fsl_rtc_common.o'.
make: *** No rule to make target 'C:/platform/drivers/src/rtc/fsl_rtc_driver.c', needed by 'platform/rtc/drivers/fsl_rtc_driver.o'.
make: *** No rule to make target 'C:/platform/hal/src/rcm/fsl_rcm_hal.c', needed by 'platform/rcm/hal/fsl_rcm_hal.o'.
make: *** No rule to make target 'C:/platform/system/src/power/fsl_power_manager.c', needed by 'platform/power/system/fsl_power_manager.o'.
make: *** No rule to make target 'C:/platform/hal/src/port/fsl_port_hal.c', needed by 'platform/port/hal/fsl_port_hal.o'.
make: *** No rule to make target 'C:/platform/hal/src/pit/fsl_pit_hal.c', needed by 'platform/pit/hal/fsl_pit_hal.o'.
make: *** No rule to make target 'C:/platform/drivers/src/pit/fsl_pit_common.c', needed by 'platform/pit/drivers/fsl_pit_common.o'.
make: *** No rule to make target 'C:/platform/drivers/src/pit/fsl_pit_driver.c', needed by 'platform/pit/drivers/fsl_pit_driver.o'.
make: *** No rule to make target 'C:/platform/hal/src/osc/fsl_osc_hal.c', needed by 'platform/osc/hal/fsl_osc_hal.o'.
make: *** No rule to make target 'C:/platform/hal/src/mcg/fsl_mcg_hal.c', needed by 'platform/mcg/hal/fsl_mcg_hal.o'.
make: *** No rule to make target 'C:/platform/hal/src/mcg/fsl_mcg_hal_modes.c', needed by 'platform/mcg/hal/fsl_mcg_hal_modes.o'.
make: *** No rule to make target 'C:/platform/hal/src/lptmr/fsl_lptmr_hal.c', needed by 'platform/lptmr/hal/fsl_lptmr_hal.o'.
make: *** No rule to make target 'C:/platform/drivers/src/lptmr/fsl_lptmr_common.c', needed by 'platform/lptmr/drivers/fsl_lptmr_common.o'.
make: *** No rule to make target 'C:/platform/drivers/src/lptmr/fsl_lptmr_driver.c', needed by 'platform/lptmr/drivers/fsl_lptmr_driver.o'.
make: *** No rule to make target 'C:/platform/hal/src/lpsci/fsl_lpsci_hal.c', needed by 'platform/lpsci/hal/fsl_lpsci_hal.o'.
make: *** No rule to make target 'C:/platform/drivers/src/lpsci/fsl_lpsci_common.c', needed by 'platform/lpsci/drivers/fsl_lpsci_common.o'.
make: *** No rule to make target 'C:/platform/drivers/src/lpsci/fsl_lpsci_dma_driver.c', needed by 'platform/lpsci/drivers/fsl_lpsci_dma_driver.o'.
make: *** No rule to make target 'C:/platform/drivers/src/lpsci/fsl_lpsci_driver.c', needed by 'platform/lpsci/drivers/fsl_lpsci_driver.o'.
make: *** No rule to make target 'C:/platform/hal/src/llwu/fsl_llwu_hal.c', needed by 'platform/llwu/hal/fsl_llwu_hal.o'.
make: *** No rule to make target 'C:/platform/system/src/interrupt/fsl_interrupt_manager.c', needed by 'platform/interrupt/system/fsl_interrupt_manager.o'.
make: *** No rule to make target 'C:/platform/hal/src/i2c/fsl_i2c_hal.c', needed by 'platform/i2c/hal/fsl_i2c_hal.o'.
make: *** No rule to make target 'C:/platform/drivers/src/i2c/fsl_i2c_slave_driver.c', needed by 'platform/i2c/drivers/slave/fsl_i2c_slave_driver.o'.
make: *** No rule to make target 'C:/platform/drivers/src/i2c/fsl_i2c_master_driver.c', needed by 'platform/i2c/drivers/master/fsl_i2c_master_driver.o'.
make: *** No rule to make target 'C:/platform/drivers/src/i2c/fsl_i2c_common.c', needed by 'platform/i2c/drivers/fsl_i2c_common.o'.
make: *** No rule to make target 'C:/platform/drivers/src/i2c/fsl_i2c_shared_function.c', needed by 'platform/i2c/drivers/fsl_i2c_shared_function.o'.
make: *** No rule to make target 'C:/platform/system/src/hwtimer/fsl_hwtimer.c', needed by 'platform/hwtimer/system/fsl_hwtimer.o'.
make: *** No rule to make target 'C:/platform/system/src/hwtimer/fsl_hwtimer_pit.c', needed by 'platform/hwtimer/system/fsl_hwtimer_pit.o'.
make: *** No rule to make target 'C:/platform/system/src/hwtimer/fsl_hwtimer_systick.c', needed by 'platform/hwtimer/system/fsl_hwtimer_systick.o'.
make: *** No rule to make target 'C:/platform/hal/src/gpio/fsl_gpio_hal.c', needed by 'platform/gpio/hal/fsl_gpio_hal.o'.
make: *** No rule to make target 'C:/platform/drivers/src/gpio/fsl_gpio_common.c', needed by 'platform/gpio/drivers/fsl_gpio_common.o'.
make: *** No rule to make target 'C:/platform/drivers/src/gpio/fsl_gpio_driver.c', needed by 'platform/gpio/drivers/fsl_gpio_driver.o'.
make: *** No rule to make target 'C:/platform/hal/src/dmamux/fsl_dmamux_hal.c', needed by 'platform/dmamux/hal/fsl_dmamux_hal.o'.
make: *** No rule to make target 'C:/platform/hal/src/dma/fsl_dma_hal.c', needed by 'platform/dma/hal/fsl_dma_hal.o'.
make: *** No rule to make target 'C:/platform/drivers/src/dma/fsl_dma_common.c', needed by 'platform/dma/drivers/fsl_dma_common.o'.
make: *** No rule to make target 'C:/platform/drivers/src/dma/fsl_dma_driver.c', needed by 'platform/dma/drivers/fsl_dma_driver.o'.
make: *** No rule to make target 'C:/platform/hal/src/dac/fsl_dac_hal.c', needed by 'platform/dac/hal/fsl_dac_hal.o'.
make: *** No rule to make target 'C:/platform/drivers/src/dac/fsl_dac_common.c', needed by 'platform/dac/drivers/fsl_dac_common.o'.
make: *** No rule to make target 'C:/platform/drivers/src/dac/fsl_dac_driver.c', needed by 'platform/dac/drivers/fsl_dac_driver.o'.
make: *** No rule to make target 'C:/platform/hal/src/cop/fsl_cop_hal.c', needed by 'platform/cop/hal/fsl_cop_hal.o'.
make: *** No rule to make target 'C:/platform/drivers/src/cop/fsl_cop_common.c', needed by 'platform/cop/drivers/fsl_cop_common.o'.
make: *** No rule to make target 'C:/platform/drivers/src/cop/fsl_cop_driver.c', needed by 'platform/cop/drivers/fsl_cop_driver.o'.
make: *** No rule to make target 'C:/platform/hal/src/cmp/fsl_cmp_hal.c', needed by 'platform/cmp/hal/fsl_cmp_hal.o'.
make: *** No rule to make target 'C:/platform/drivers/src/cmp/fsl_cmp_common.c', needed by 'platform/cmp/drivers/fsl_cmp_common.o'.
make: *** No rule to make target 'C:/platform/drivers/src/cmp/fsl_cmp_driver.c', needed by 'platform/cmp/drivers/fsl_cmp_driver.o'.
make: *** No rule to make target 'C:/platform/system/src/clock/MKL25Z4/fsl_clock_MKL25Z4.c', needed by 'platform/clock/system/fsl_clock_MKL25Z4.o'.
make: *** No rule to make target 'C:/platform/system/src/clock/fsl_clock_manager.c', needed by 'platform/clock/system/fsl_clock_manager.o'.
make: *** No rule to make target 'C:/platform/system/src/clock/fsl_clock_manager_common.c', needed by 'platform/clock/system/fsl_clock_manager_common.o'.
make: *** No rule to make target 'C:/platform/hal/src/adc16/fsl_adc16_hal.c', needed by 'platform/adc16/hal/fsl_adc16_hal.o'.
make: *** No rule to make target 'C:/platform/drivers/src/adc16/fsl_adc16_common.c', needed by 'platform/adc16/drivers/fsl_adc16_common.o'.
make: *** No rule to make target 'C:/platform/drivers/src/adc16/fsl_adc16_driver.c', needed by 'platform/adc16/drivers/fsl_adc16_driver.o'.
make: *** No rule to make target 'C:/platform/osa/src/fsl_os_abstraction_bm.c', needed by 'osa/fsl_os_abstraction_bm.o'.
make: Target 'all' not remade because of errors.

02:34:57 Build Finished (took 594ms)

