22:20:45 **** Incremental Build of configuration Debug for project lab02 ****
make all 
Building file: ../Static_Code/System/PE_low_level_init.c
Invoking: Cross ARM C Compiler
arm-none-eabi-gcc -mcpu=cortex-m0plus -mthumb -O0 -fmessage-length=0 -fsigned-char -ffunction-sections -fdata-sections -Wall  -g3 -D"CPU_MKL25Z128VLK4" -D"FSL_RTOS_FREE_RTOS" -I"C:/Users/joao/workspace.kds/lab02/SDK/platform/hal/inc" -I"C:/Users/joao/workspace.kds/lab02/SDK/platform/hal/src/sim/MKL25Z4" -I"C:/Users/joao/workspace.kds/lab02/SDK/platform/system/src/clock/MKL25Z4" -I"C:/Users/joao/workspace.kds/lab02/SDK/platform/system/inc" -I"C:/Users/joao/workspace.kds/lab02/SDK/platform/osa/inc" -I"C:/Users/joao/workspace.kds/lab02/SDK/platform/CMSIS/Include" -I"C:/Users/joao/workspace.kds/lab02/SDK/platform/devices" -I"C:/Users/joao/workspace.kds/lab02/SDK/platform/devices/MKL25Z4/include" -I"C:/Users/joao/workspace.kds/lab02/SDK/platform/utilities/src" -I"C:/Users/joao/workspace.kds/lab02/SDK/platform/utilities/inc" -I"C:/Users/joao/workspace.kds/lab02/SDK/platform/devices/MKL25Z4/startup" -I"C:/Users/joao/workspace.kds/lab02/Generated_Code/SDK/platform/devices/MKL25Z4/startup" -I"C:/Users/joao/workspace.kds/lab02/Sources" -I"C:/Users/joao/workspace.kds/lab02/Generated_Code" -I"C:/Users/joao/workspace.kds/lab02/SDK/rtos/FreeRTOS/include" -I"C:/Users/joao/workspace.kds/lab02/SDK/rtos/FreeRTOS/port/gcc" -I"C:/Users/joao/workspace.kds/lab02/Generated_Code/SDK/rtos/FreeRTOS/config" -std=c99 -MMD -MP -MF"Static_Code/System/PE_low_level_init.d" -MT"Static_Code/System/PE_low_level_init.o" -c -o "Static_Code/System/PE_low_level_init.o" "../Static_Code/System/PE_low_level_init.c"
Finished building: ../Static_Code/System/PE_low_level_init.c
 
Building file: ../Sources/Events.c
Invoking: Cross ARM C Compiler
arm-none-eabi-gcc -mcpu=cortex-m0plus -mthumb -O0 -fmessage-length=0 -fsigned-char -ffunction-sections -fdata-sections -Wall  -g3 -D"CPU_MKL25Z128VLK4" -D"FSL_RTOS_FREE_RTOS" -I"C:/Users/joao/workspace.kds/lab02/SDK/platform/hal/inc" -I"C:/Users/joao/workspace.kds/lab02/SDK/platform/hal/src/sim/MKL25Z4" -I"C:/Users/joao/workspace.kds/lab02/SDK/platform/system/src/clock/MKL25Z4" -I"C:/Users/joao/workspace.kds/lab02/SDK/platform/system/inc" -I"C:/Users/joao/workspace.kds/lab02/SDK/platform/osa/inc" -I"C:/Users/joao/workspace.kds/lab02/SDK/platform/CMSIS/Include" -I"C:/Users/joao/workspace.kds/lab02/SDK/platform/devices" -I"C:/Users/joao/workspace.kds/lab02/SDK/platform/devices/MKL25Z4/include" -I"C:/Users/joao/workspace.kds/lab02/SDK/platform/utilities/src" -I"C:/Users/joao/workspace.kds/lab02/SDK/platform/utilities/inc" -I"C:/Users/joao/workspace.kds/lab02/SDK/platform/devices/MKL25Z4/startup" -I"C:/Users/joao/workspace.kds/lab02/Generated_Code/SDK/platform/devices/MKL25Z4/startup" -I"C:/Users/joao/workspace.kds/lab02/Sources" -I"C:/Users/joao/workspace.kds/lab02/Generated_Code" -I"C:/Users/joao/workspace.kds/lab02/SDK/rtos/FreeRTOS/include" -I"C:/Users/joao/workspace.kds/lab02/SDK/rtos/FreeRTOS/port/gcc" -I"C:/Users/joao/workspace.kds/lab02/Generated_Code/SDK/rtos/FreeRTOS/config" -std=c99 -MMD -MP -MF"Sources/Events.d" -MT"Sources/Events.o" -c -o "Sources/Events.o" "../Sources/Events.c"
Finished building: ../Sources/Events.c
 
Building file: ../Sources/ledrgb_hal.c
Invoking: Cross ARM C Compiler
arm-none-eabi-gcc -mcpu=cortex-m0plus -mthumb -O0 -fmessage-length=0 -fsigned-char -ffunction-sections -fdata-sections -Wall  -g3 -D"CPU_MKL25Z128VLK4" -D"FSL_RTOS_FREE_RTOS" -I"C:/Users/joao/workspace.kds/lab02/SDK/platform/hal/inc" -I"C:/Users/joao/workspace.kds/lab02/SDK/platform/hal/src/sim/MKL25Z4" -I"C:/Users/joao/workspace.kds/lab02/SDK/platform/system/src/clock/MKL25Z4" -I"C:/Users/joao/workspace.kds/lab02/SDK/platform/system/inc" -I"C:/Users/joao/workspace.kds/lab02/SDK/platform/osa/inc" -I"C:/Users/joao/workspace.kds/lab02/SDK/platform/CMSIS/Include" -I"C:/Users/joao/workspace.kds/lab02/SDK/platform/devices" -I"C:/Users/joao/workspace.kds/lab02/SDK/platform/devices/MKL25Z4/include" -I"C:/Users/joao/workspace.kds/lab02/SDK/platform/utilities/src" -I"C:/Users/joao/workspace.kds/lab02/SDK/platform/utilities/inc" -I"C:/Users/joao/workspace.kds/lab02/SDK/platform/devices/MKL25Z4/startup" -I"C:/Users/joao/workspace.kds/lab02/Generated_Code/SDK/platform/devices/MKL25Z4/startup" -I"C:/Users/joao/workspace.kds/lab02/Sources" -I"C:/Users/joao/workspace.kds/lab02/Generated_Code" -I"C:/Users/joao/workspace.kds/lab02/SDK/rtos/FreeRTOS/include" -I"C:/Users/joao/workspace.kds/lab02/SDK/rtos/FreeRTOS/port/gcc" -I"C:/Users/joao/workspace.kds/lab02/Generated_Code/SDK/rtos/FreeRTOS/config" -std=c99 -MMD -MP -MF"Sources/ledrgb_hal.d" -MT"Sources/ledrgb_hal.o" -c -o "Sources/ledrgb_hal.o" "../Sources/ledrgb_hal.c"
../Sources/ledrgb_hal.c:16:26: fatal error: fsl_gpio_hal.h: No such file or directory
 #include "fsl_gpio_hal.h"
                          ^
compilation terminated.
Sources/subdir.mk:27: recipe for target 'Sources/ledrgb_hal.o' failed
make: *** [Sources/ledrgb_hal.o] Error 1

22:20:47 Build Finished (took 1s.329ms)

